2023-11-28T18:08:44.767Z [my-bank-api] info: API Started and File Created
2023-11-28T18:09:47.769Z [my-bank-api] info: POST /account - {"id":1,"name":"José Silva","balance":1234.5}
2023-11-28T18:10:16.210Z [my-bank-api] info: POST /account - {"id":2,"name":"Fernando Costa","balance":3000}
2023-11-28T18:10:33.731Z [my-bank-api] info: POST /account - {"id":3,"name":"Débora Luz César","balance":5000}
2023-11-28T18:11:26.889Z [my-bank-api] info: GET /account
2023-11-28T18:11:39.702Z [my-bank-api] info: GET /account/:id
2023-11-28T18:11:59.536Z [my-bank-api] info: DELETE /account/:id - 3
2023-11-28T18:12:40.694Z [my-bank-api] info: PUT /account - {"id":2,"name":"Fernando R Costa","balance":5000}
2023-11-28T18:13:01.688Z [my-bank-api] info: PATCH /account/updateBalance - {"id":2,"balance":4000}
2023-11-28T18:16:40.317Z [my-bank-api] info: API Started!
2023-11-28T18:16:44.750Z [my-bank-api] info: API Started!
2023-11-28T18:16:47.682Z [my-bank-api] info: API Started!
2023-11-28T18:16:48.939Z [my-bank-api] info: API Started!
2023-11-28T18:17:17.699Z [my-bank-api] info: API Started!
2023-11-28T18:17:19.848Z [my-bank-api] info: API Started!
2023-11-28T18:17:21.652Z [my-bank-api] info: API Started!
2023-11-28T18:17:24.135Z [my-bank-api] info: API Started!
2023-11-28T18:17:26.768Z [my-bank-api] info: API Started!
2023-11-28T18:17:31.705Z [my-bank-api] info: API Started!
2023-11-28T18:17:34.954Z [my-bank-api] info: API Started!
2023-11-28T18:17:52.131Z [my-bank-api] info: API Started!
2023-11-28T18:17:56.822Z [my-bank-api] info: API Started!
2023-11-28T18:18:01.483Z [my-bank-api] info: API Started!
2023-11-28T18:18:02.991Z [my-bank-api] info: API Started!
2023-11-28T18:18:05.687Z [my-bank-api] info: API Started!
2023-11-28T18:18:06.054Z [my-bank-api] info: API Started!
2023-11-28T18:18:17.895Z [my-bank-api] info: POST /account - {"id":4,"name":"Débora Luz César","balance":5000}
2023-11-28T18:18:25.400Z [my-bank-api] error: POST /account - Name e Balace são obrigatórios.
2023-11-28T18:19:30.660Z [my-bank-api] info: API Started!
2023-11-28T18:19:35.898Z [my-bank-api] info: API Started!
2023-11-28T18:20:53.189Z [my-bank-api] info: API Started!
2023-11-28T18:21:09.049Z [my-bank-api] info: API Started!
2023-11-28T18:21:16.235Z [my-bank-api] info: API Started!
2023-11-28T18:21:20.405Z [my-bank-api] info: API Started!
2023-11-28T18:21:23.765Z [my-bank-api] info: API Started!
2023-11-28T18:21:25.636Z [my-bank-api] info: API Started!
2023-11-28T18:21:27.824Z [my-bank-api] info: API Started!
2023-11-28T18:21:30.219Z [my-bank-api] info: API Started!
2023-11-28T18:21:33.211Z [my-bank-api] info: API Started!
2023-11-28T18:21:35.189Z [my-bank-api] info: API Started!
2023-11-28T18:21:38.828Z [my-bank-api] info: API Started!
2023-11-28T18:24:24.222Z [my-bank-api] info: API Started!
2023-11-28T18:24:36.614Z [my-bank-api] info: API Started!
2023-11-28T18:24:39.566Z [my-bank-api] info: API Started!
2023-11-28T18:24:41.511Z [my-bank-api] info: API Started!
2023-11-28T18:24:44.595Z [my-bank-api] info: API Started!
2023-11-28T18:24:50.079Z [my-bank-api] info: API Started!
2023-11-28T18:24:52.316Z [my-bank-api] info: API Started!
2023-11-28T18:25:01.038Z [my-bank-api] info: API Started!
2023-11-28T18:25:03.599Z [my-bank-api] info: API Started!
2023-11-28T18:25:04.092Z [my-bank-api] info: API Started!
2023-11-28T18:25:35.299Z [my-bank-api] error: PUT /account - Registro não encontrado.
2023-11-28T18:26:12.337Z [my-bank-api] info: API Started!
2023-11-28T18:27:15.026Z [my-bank-api] info: API Started!
2023-11-28T18:27:18.410Z [my-bank-api] info: API Started!
2023-11-28T18:27:22.421Z [my-bank-api] info: API Started!
2023-11-28T18:27:26.575Z [my-bank-api] info: API Started!
2023-11-28T18:27:31.784Z [my-bank-api] info: API Started!
2023-11-28T18:27:33.378Z [my-bank-api] info: API Started!
2023-11-28T18:27:35.164Z [my-bank-api] info: API Started!
2023-11-28T18:27:37.410Z [my-bank-api] info: API Started!
2023-11-28T18:27:38.046Z [my-bank-api] info: API Started!
2023-11-28T18:28:26.387Z [my-bank-api] info: API Started!
2023-11-28T18:29:41.670Z [my-bank-api] info: API Started!
2023-11-28T18:29:46.804Z [my-bank-api] info: API Started!
2023-11-28T18:29:54.879Z [my-bank-api] info: API Started!
2023-11-28T18:30:17.608Z [my-bank-api] info: API Started!
2023-11-28T18:31:20.041Z [my-bank-api] info: API Started!
2023-11-28T18:31:25.979Z [my-bank-api] info: API Started!
2023-11-28T18:31:41.324Z [my-bank-api] info: API Started!
2023-11-28T18:31:42.939Z [my-bank-api] info: API Started!
2023-11-28T18:31:44.647Z [my-bank-api] info: API Started!
2023-11-28T18:31:45.396Z [my-bank-api] info: API Started!
2023-11-28T18:40:12.304Z [my-bank-api] info: API Started!
2023-11-28T18:40:33.267Z [my-bank-api] info: API Started!
2023-11-28T18:40:35.617Z [my-bank-api] info: API Started!
2023-11-28T18:41:07.889Z [my-bank-api] info: API Started!
2023-11-28T18:41:08.979Z [my-bank-api] info: API Started!
2023-11-28T18:41:14.528Z [my-bank-api] info: API Started!
2023-11-28T18:41:18.875Z [my-bank-api] info: API Started!
2023-11-28T18:41:59.693Z [my-bank-api] info: API Started!
2023-11-28T18:42:04.542Z [my-bank-api] info: API Started!
2023-11-28T18:42:08.403Z [my-bank-api] info: API Started!
2023-11-28T18:42:15.447Z [my-bank-api] info: API Started!
2023-11-28T18:42:19.487Z [my-bank-api] info: API Started!
2023-11-28T18:42:27.700Z [my-bank-api] info: API Started!
2023-11-28T18:42:28.729Z [my-bank-api] info: API Started!
2023-11-28T18:43:34.080Z [my-bank-api] info: API Started!
2023-11-28T18:43:41.609Z [my-bank-api] info: API Started!
2023-11-28T18:43:43.183Z [my-bank-api] info: API Started!
2023-11-28T18:43:48.465Z [my-bank-api] info: API Started!
2023-11-28T18:43:55.806Z [my-bank-api] info: API Started!
2023-11-28T18:43:58.093Z [my-bank-api] info: API Started!
2023-11-28T18:43:58.511Z [my-bank-api] info: API Started!
2023-11-30T19:33:31.368Z [my-bank-api] info: API Started!
2023-11-30T19:34:11.775Z [my-bank-api] info: POST /account - {"id":5,"name":"João Luiz","balance":1200}
2023-11-30T19:34:19.377Z [my-bank-api] info: GET /account
2023-11-30T19:37:05.103Z [my-bank-api] info: API Started!
2023-11-30T19:37:14.910Z [my-bank-api] info: API Started!
2023-11-30T19:37:32.103Z [my-bank-api] info: API Started!
2023-11-30T19:37:53.768Z [my-bank-api] info: API Started!
2023-11-30T19:37:58.285Z [my-bank-api] info: API Started!
2023-11-30T19:38:02.401Z [my-bank-api] info: API Started!
2023-11-30T19:38:39.460Z [my-bank-api] info: API Started!
2023-11-30T19:38:59.705Z [my-bank-api] info: API Started!
2023-11-30T19:39:05.060Z [my-bank-api] info: API Started!
2023-11-30T19:39:06.955Z [my-bank-api] info: API Started!
2023-11-30T19:39:22.521Z [my-bank-api] info: API Started!
2023-11-30T19:39:30.937Z [my-bank-api] info: API Started!
2023-11-30T19:39:41.898Z [my-bank-api] info: API Started!
2023-11-30T19:39:45.334Z [my-bank-api] info: API Started!
2023-11-30T19:39:49.942Z [my-bank-api] info: API Started!
2023-11-30T19:39:55.466Z [my-bank-api] info: API Started!
2023-11-30T19:39:56.714Z [my-bank-api] info: API Started!
2023-11-30T19:39:57.282Z [my-bank-api] info: API Started!
2023-11-30T19:40:25.557Z [my-bank-api] info: API Started!
2023-11-30T19:40:26.999Z [my-bank-api] info: API Started!
2023-11-30T19:40:41.075Z [my-bank-api] info: API Started!
2023-11-30T19:40:46.044Z [my-bank-api] info: API Started!
2023-11-30T19:40:48.204Z [my-bank-api] info: API Started!
2023-11-30T19:40:50.851Z [my-bank-api] info: API Started!
2023-11-30T19:41:16.436Z [my-bank-api] info: API Started!
2023-11-30T19:41:23.314Z [my-bank-api] info: API Started!
2023-11-30T19:41:24.444Z [my-bank-api] info: API Started!
2023-11-30T19:41:26.046Z [my-bank-api] info: API Started!
2023-11-30T19:41:35.992Z [my-bank-api] info: API Started!
2023-11-30T19:41:38.870Z [my-bank-api] info: API Started!
2023-11-30T19:41:42.497Z [my-bank-api] info: API Started!
2023-11-30T19:41:43.511Z [my-bank-api] info: API Started!
2023-11-30T19:42:46.463Z [my-bank-api] info: API Started!
2023-11-30T19:42:50.709Z [my-bank-api] info: API Started!
2023-11-30T19:42:52.057Z [my-bank-api] info: API Started!
2023-11-30T19:43:05.032Z [my-bank-api] info: API Started!
2023-11-30T19:43:05.500Z [my-bank-api] info: API Started!
2023-11-30T19:43:11.931Z [my-bank-api] info: API Started!
2023-11-30T19:43:12.300Z [my-bank-api] info: API Started!
2023-11-30T19:43:25.836Z [my-bank-api] info: API Started!
2023-11-30T19:43:30.709Z [my-bank-api] info: API Started!
2023-11-30T19:43:31.744Z [my-bank-api] info: API Started!
2023-11-30T19:49:54.276Z [my-bank-api] info: API Started!
2023-11-30T19:50:00.152Z [my-bank-api] info: API Started!
2023-11-30T19:50:06.108Z [my-bank-api] info: API Started!
2023-11-30T19:50:27.351Z [my-bank-api] info: API Started!
2023-11-30T19:50:28.269Z [my-bank-api] info: API Started!
2023-11-30T19:50:34.082Z [my-bank-api] info: API Started!
2023-11-30T19:50:36.445Z [my-bank-api] info: API Started!
2023-11-30T19:50:45.833Z [my-bank-api] info: API Started!
2023-11-30T19:50:51.303Z [my-bank-api] info: API Started!
2023-11-30T19:50:54.664Z [my-bank-api] info: API Started!
2023-11-30T19:50:59.622Z [my-bank-api] info: API Started!
2023-11-30T19:51:08.343Z [my-bank-api] info: API Started!
2023-11-30T19:51:08.679Z [my-bank-api] info: API Started!
2023-11-30T19:51:37.911Z [my-bank-api] info: API Started!
2023-11-30T19:51:39.437Z [my-bank-api] info: API Started!
2023-11-30T19:51:41.564Z [my-bank-api] info: API Started!
2023-11-30T19:51:59.618Z [my-bank-api] info: API Started!
2023-11-30T19:52:23.378Z [my-bank-api] info: GET /account
2023-11-30T19:52:29.299Z [my-bank-api] info: GET /account/:id
2023-11-30T19:52:38.203Z [my-bank-api] info: DELETE /account/:id - 5
2023-11-30T19:52:42.359Z [my-bank-api] info: GET /account
2023-11-30T19:52:55.907Z [my-bank-api] info: POST /account - {"id":6,"name":"João Luiz","balance":1200}
2023-11-30T19:53:00.964Z [my-bank-api] info: GET /account
2023-11-30T19:53:11.231Z [my-bank-api] info: PUT /account - {"id":2,"name":"Fernando R Costa","balance":6000}
2023-11-30T19:53:15.833Z [my-bank-api] info: GET /account
2023-11-30T19:53:27.687Z [my-bank-api] info: PATCH /account/updateBalance - {"id":2,"balance":3000}
2023-11-30T19:53:32.971Z [my-bank-api] info: GET /account
2023-11-30T19:56:42.240Z [my-bank-api] info: API Started!
2023-11-30T19:58:23.603Z [my-bank-api] info: API Started!
2023-11-30T19:58:29.008Z [my-bank-api] info: API Started!
2023-11-30T19:58:33.233Z [my-bank-api] info: API Started!
2023-11-30T19:58:36.023Z [my-bank-api] info: API Started!
2023-11-30T19:58:38.616Z [my-bank-api] info: API Started!
2023-11-30T19:58:39.933Z [my-bank-api] info: API Started!
2023-11-30T19:58:42.422Z [my-bank-api] info: API Started!
2023-11-30T19:58:44.466Z [my-bank-api] info: API Started!
2023-11-30T19:58:45.828Z [my-bank-api] info: API Started!
2023-11-30T19:58:47.111Z [my-bank-api] info: API Started!
2023-11-30T19:58:49.436Z [my-bank-api] info: API Started!
2023-11-30T19:58:58.787Z [my-bank-api] info: API Started!
2023-11-30T19:59:01.479Z [my-bank-api] info: API Started!
2023-11-30T19:59:14.253Z [my-bank-api] info: API Started!
2023-11-30T19:59:33.029Z [my-bank-api] info: API Started!
2023-11-30T19:59:35.184Z [my-bank-api] info: API Started!
2023-11-30T19:59:35.945Z [my-bank-api] info: API Started!
2023-11-30T20:00:00.296Z [my-bank-api] info: API Started!
2023-11-30T20:00:01.732Z [my-bank-api] info: API Started!
2023-11-30T20:00:03.256Z [my-bank-api] info: API Started!
2023-11-30T20:00:24.955Z [my-bank-api] info: API Started!
2023-11-30T20:00:30.012Z [my-bank-api] info: API Started!
2023-11-30T20:01:29.152Z [my-bank-api] info: API Started!
2023-11-30T20:01:34.492Z [my-bank-api] info: API Started!
2023-11-30T20:01:48.432Z [my-bank-api] info: API Started!
2023-11-30T20:01:49.537Z [my-bank-api] info: API Started!
2023-11-30T20:01:55.928Z [my-bank-api] info: API Started!
2023-11-30T20:01:59.698Z [my-bank-api] info: API Started!
2023-11-30T20:02:03.969Z [my-bank-api] info: API Started!
2023-11-30T20:02:05.270Z [my-bank-api] info: API Started!
2023-11-30T20:02:14.932Z [my-bank-api] info: API Started!
2023-11-30T20:02:19.090Z [my-bank-api] info: API Started!
2023-11-30T20:02:56.604Z [my-bank-api] info: API Started!
2023-11-30T20:03:01.115Z [my-bank-api] info: API Started!
2023-11-30T20:03:50.298Z [my-bank-api] info: API Started!
2023-11-30T20:04:15.129Z [my-bank-api] info: API Started!
2023-11-30T20:06:29.024Z [my-bank-api] info: POST /account - {"id":7,"name":"João Luiz","balance":1200}
2023-11-30T20:06:33.144Z [my-bank-api] info: GET /account
2023-12-01T15:12:51.346Z [my-bank-api] info: API Started!
2023-12-01T15:13:21.493Z [my-bank-api] info: API Started!
2023-12-01T15:13:40.609Z [my-bank-api] info: API Started!
2023-12-01T15:13:49.039Z [my-bank-api] info: API Started!
2023-12-01T15:13:51.710Z [my-bank-api] info: API Started!
2023-12-01T15:13:53.815Z [my-bank-api] info: API Started!
2023-12-01T15:13:56.209Z [my-bank-api] info: API Started!
2023-12-01T15:13:58.282Z [my-bank-api] info: API Started!
2023-12-01T15:14:00.204Z [my-bank-api] info: API Started!
2023-12-01T15:14:00.757Z [my-bank-api] info: API Started!
2023-12-01T15:14:35.896Z [my-bank-api] info: API Started!
2023-12-01T15:14:41.962Z [my-bank-api] info: API Started!
2023-12-01T15:14:44.109Z [my-bank-api] info: API Started!
2023-12-01T15:14:49.819Z [my-bank-api] info: API Started!
2023-12-01T15:14:54.082Z [my-bank-api] info: API Started!
2023-12-01T15:14:56.190Z [my-bank-api] info: API Started!
2023-12-01T15:15:39.907Z [my-bank-api] info: API Started!
2023-12-01T15:15:47.901Z [my-bank-api] info: API Started!
2023-12-01T15:15:58.408Z [my-bank-api] info: API Started!
2023-12-01T15:16:28.725Z [my-bank-api] info: API Started!
2023-12-01T15:16:29.574Z [my-bank-api] info: API Started!
2023-12-01T15:16:53.213Z [my-bank-api] info: API Started!
2023-12-01T15:17:02.231Z [my-bank-api] info: API Started!
2023-12-01T15:17:04.175Z [my-bank-api] info: API Started!
2023-12-01T15:17:05.098Z [my-bank-api] info: API Started!
2023-12-01T15:17:19.263Z [my-bank-api] info: API Started!
2023-12-01T15:17:22.346Z [my-bank-api] info: API Started!
2023-12-01T15:17:23.626Z [my-bank-api] info: API Started!
2023-12-01T15:17:27.824Z [my-bank-api] info: API Started!
2023-12-01T15:17:30.192Z [my-bank-api] info: API Started!
2023-12-01T15:17:32.363Z [my-bank-api] info: API Started!
2023-12-01T15:17:34.016Z [my-bank-api] info: API Started!
2023-12-01T15:17:40.226Z [my-bank-api] info: API Started!
2023-12-01T15:18:11.346Z [my-bank-api] info: API Started!
2023-12-01T15:18:13.977Z [my-bank-api] info: API Started!
2023-12-01T15:18:38.777Z [my-bank-api] info: API Started!
2023-12-01T15:19:06.505Z [my-bank-api] info: API Started!
2023-12-01T15:19:17.066Z [my-bank-api] info: API Started!
2023-12-01T15:19:27.604Z [my-bank-api] info: API Started!
2023-12-01T15:19:52.798Z [my-bank-api] info: API Started!
2023-12-01T15:19:54.846Z [my-bank-api] info: API Started!
2023-12-01T15:19:56.276Z [my-bank-api] info: API Started!
2023-12-01T15:20:07.489Z [my-bank-api] info: API Started!
2023-12-01T15:20:09.472Z [my-bank-api] info: API Started!
2023-12-01T15:20:26.557Z [my-bank-api] info: API Started!
2023-12-01T15:20:29.313Z [my-bank-api] info: API Started!
2023-12-01T15:20:31.726Z [my-bank-api] info: API Started!
2023-12-01T15:20:33.215Z [my-bank-api] info: API Started!
2023-12-01T15:20:35.358Z [my-bank-api] info: API Started!
2023-12-01T15:20:42.131Z [my-bank-api] info: API Started!
2023-12-01T15:20:43.662Z [my-bank-api] info: API Started!
2023-12-01T15:21:16.034Z [my-bank-api] info: API Started!
2023-12-01T15:21:17.202Z [my-bank-api] info: API Started!
2023-12-01T15:21:51.322Z [my-bank-api] info: API Started!
2023-12-01T15:21:54.144Z [my-bank-api] info: API Started!
2023-12-01T15:22:53.609Z [my-bank-api] info: API Started!
2023-12-01T15:22:54.264Z [my-bank-api] info: API Started!
2023-12-01T15:22:59.172Z [my-bank-api] info: API Started!
2023-12-01T15:23:01.087Z [my-bank-api] info: API Started!
2023-12-01T15:23:02.487Z [my-bank-api] info: API Started!
2023-12-01T15:23:27.960Z [my-bank-api] info: API Started!
2023-12-01T15:24:10.464Z [my-bank-api] info: API Started!
2023-12-01T15:24:11.886Z [my-bank-api] info: API Started!
2023-12-01T15:24:51.629Z [my-bank-api] info: API Started!
2023-12-01T15:24:59.588Z [my-bank-api] info: API Started!
2023-12-01T15:25:02.716Z [my-bank-api] info: API Started!
2023-12-01T15:25:05.599Z [my-bank-api] info: API Started!
2023-12-01T15:25:10.832Z [my-bank-api] info: API Started!
2023-12-01T15:25:27.855Z [my-bank-api] info: API Started!
2023-12-01T15:25:35.269Z [my-bank-api] info: API Started!
2023-12-01T15:25:36.645Z [my-bank-api] info: API Started!
2023-12-01T15:25:38.655Z [my-bank-api] info: API Started!
2023-12-01T15:26:37.242Z [my-bank-api] info: API Started!
2023-12-01T15:26:39.149Z [my-bank-api] info: API Started!
2023-12-01T15:26:49.115Z [my-bank-api] info: API Started!
2023-12-01T15:26:51.901Z [my-bank-api] info: API Started!
2023-12-01T15:26:53.278Z [my-bank-api] info: API Started!
2023-12-01T15:27:03.899Z [my-bank-api] info: API Started!
2023-12-01T15:27:08.456Z [my-bank-api] info: API Started!
2023-12-01T15:27:13.967Z [my-bank-api] info: API Started!
2023-12-01T15:27:15.076Z [my-bank-api] info: API Started!
2023-12-01T15:27:57.423Z [my-bank-api] info: API Started!
2023-12-01T15:28:00.533Z [my-bank-api] info: API Started!
2023-12-01T15:28:10.036Z [my-bank-api] info: API Started!
2023-12-01T15:28:13.300Z [my-bank-api] info: API Started!
2023-12-01T15:28:18.024Z [my-bank-api] info: API Started!
2023-12-01T15:28:21.471Z [my-bank-api] info: API Started!
2023-12-01T15:28:22.441Z [my-bank-api] info: API Started!
2023-12-01T15:28:32.423Z [my-bank-api] info: API Started!
2023-12-01T15:28:52.904Z [my-bank-api] info: API Started!
2023-12-01T15:28:58.964Z [my-bank-api] info: API Started!
2023-12-01T15:29:00.072Z [my-bank-api] info: API Started!
2023-12-01T15:29:01.862Z [my-bank-api] info: API Started!
2023-12-01T15:29:16.430Z [my-bank-api] info: GET /account
2023-12-01T15:29:20.613Z [my-bank-api] info: GET /account/:id
2023-12-01T15:29:27.879Z [my-bank-api] info: POST /account - {"id":8,"name":"João Luiz","balance":1200}
2023-12-01T15:29:35.681Z [my-bank-api] info: GET /account
2023-12-01T15:29:41.670Z [my-bank-api] info: GET /account/:id
2023-12-01T15:29:53.487Z [my-bank-api] info: PUT /account - {"id":2,"name":"Fernando R Costa","balance":5000}
2023-12-01T15:30:00.319Z [my-bank-api] info: PATCH /account/updateBalance - {"id":2,"balance":2000}
2023-12-01T15:30:04.032Z [my-bank-api] info: GET /account
2023-12-01T15:30:10.280Z [my-bank-api] info: DELETE /account/:id - 8
2023-12-01T15:30:14.713Z [my-bank-api] info: GET /account
2023-12-01T17:18:49.289Z [my-bank-api] info: API Started!
2023-12-01T17:22:13.316Z [my-bank-api] info: API Started!
2023-12-01T17:26:12.208Z [my-bank-api] info: API Started!
2023-12-01T17:26:14.152Z [my-bank-api] info: API Started!
2023-12-01T17:26:15.863Z [my-bank-api] info: API Started!
2023-12-01T17:26:34.563Z [my-bank-api] info: API Started!
2023-12-01T17:26:54.713Z [my-bank-api] info: API Started!
2023-12-01T17:26:55.978Z [my-bank-api] info: API Started!
2023-12-01T17:27:26.129Z [my-bank-api] info: API Started!
2023-12-01T17:27:32.791Z [my-bank-api] info: API Started!
2023-12-01T17:27:35.455Z [my-bank-api] info: API Started!
2023-12-01T17:27:37.142Z [my-bank-api] info: API Started!
2023-12-01T17:27:40.929Z [my-bank-api] info: API Started!
2023-12-01T17:27:42.712Z [my-bank-api] info: API Started!
2023-12-01T17:27:44.569Z [my-bank-api] info: API Started!
2023-12-01T17:27:46.000Z [my-bank-api] info: API Started!
2023-12-01T17:27:48.801Z [my-bank-api] info: API Started!
2023-12-01T17:27:50.872Z [my-bank-api] info: API Started!
2023-12-01T17:27:54.042Z [my-bank-api] info: API Started!
2023-12-01T17:28:02.395Z [my-bank-api] info: API Started!
2023-12-01T17:28:04.125Z [my-bank-api] info: API Started!
2023-12-01T17:28:06.103Z [my-bank-api] info: API Started!
2023-12-01T17:28:13.057Z [my-bank-api] info: API Started!
2023-12-01T17:28:15.487Z [my-bank-api] info: API Started!
2023-12-01T17:28:18.734Z [my-bank-api] info: API Started!
2023-12-01T17:28:42.862Z [my-bank-api] info: API Started!
2023-12-01T17:28:56.935Z [my-bank-api] info: API Started!
2023-12-01T17:30:04.568Z [my-bank-api] info: API Started!
2023-12-01T17:30:10.319Z [my-bank-api] info: API Started!
2023-12-01T17:30:15.042Z [my-bank-api] info: API Started!
2023-12-01T17:30:17.584Z [my-bank-api] info: API Started!
2023-12-01T17:30:19.546Z [my-bank-api] info: API Started!
2023-12-01T17:30:19.876Z [my-bank-api] info: API Started!
2023-12-01T17:30:27.128Z [my-bank-api] error: GET /account - filename is not defined
2023-12-01T17:30:28.887Z [my-bank-api] error: GET /account - filename is not defined
2023-12-01T17:31:36.493Z [my-bank-api] info: API Started!
2023-12-01T17:31:39.521Z [my-bank-api] info: GET /account
2023-12-01T17:34:47.393Z [my-bank-api] info: API Started!
2023-12-01T17:34:55.453Z [my-bank-api] info: API Started!
2023-12-01T17:34:56.677Z [my-bank-api] info: API Started!
2023-12-01T17:35:10.030Z [my-bank-api] info: API Started!
2023-12-01T17:35:11.156Z [my-bank-api] info: API Started!
2023-12-01T17:35:26.183Z [my-bank-api] info: API Started!
2023-12-01T17:35:30.079Z [my-bank-api] info: API Started!
2023-12-01T17:35:31.413Z [my-bank-api] info: API Started!
2023-12-01T17:35:33.747Z [my-bank-api] info: API Started!
2023-12-01T17:35:37.471Z [my-bank-api] info: API Started!
2023-12-01T17:35:39.931Z [my-bank-api] info: API Started!
2023-12-01T17:35:41.009Z [my-bank-api] info: API Started!
2023-12-01T17:35:42.780Z [my-bank-api] info: API Started!
2023-12-01T17:36:23.679Z [my-bank-api] info: API Started!
2023-12-01T17:36:25.150Z [my-bank-api] info: API Started!
2023-12-01T17:36:43.030Z [my-bank-api] info: API Started!
2023-12-01T17:36:55.979Z [my-bank-api] info: API Started!
2023-12-01T17:36:58.867Z [my-bank-api] info: API Started!
2023-12-01T17:37:10.610Z [my-bank-api] info: API Started!
2023-12-01T17:37:12.853Z [my-bank-api] info: API Started!
2023-12-01T17:37:14.040Z [my-bank-api] info: API Started!
2023-12-01T17:37:32.701Z [my-bank-api] info: API Started!
2023-12-01T17:37:44.937Z [my-bank-api] info: API Started!
2023-12-01T17:37:50.258Z [my-bank-api] info: API Started!
2023-12-01T17:38:00.450Z [my-bank-api] info: API Started!
2023-12-01T17:38:07.882Z [my-bank-api] info: API Started!
2023-12-01T17:38:12.443Z [my-bank-api] info: API Started!
2023-12-01T17:38:15.997Z [my-bank-api] info: API Started!
2023-12-01T17:38:18.618Z [my-bank-api] info: API Started!
2023-12-01T17:38:19.551Z [my-bank-api] info: API Started!
2023-12-01T17:38:40.845Z [my-bank-api] info: API Started!
2023-12-01T17:39:15.635Z [my-bank-api] info: API Started!
2023-12-01T17:39:25.723Z [my-bank-api] info: API Started!
2023-12-01T17:39:36.116Z [my-bank-api] info: API Started!
2023-12-01T17:39:39.543Z [my-bank-api] info: API Started!
2023-12-01T17:40:01.808Z [my-bank-api] info: API Started!
2023-12-01T17:40:03.197Z [my-bank-api] info: API Started!
2023-12-01T17:40:03.725Z [my-bank-api] info: API Started!
2023-12-01T17:40:12.117Z [my-bank-api] info: API Started!
2023-12-01T17:40:30.824Z [my-bank-api] info: API Started!
2023-12-01T17:40:33.083Z [my-bank-api] info: API Started!
2023-12-01T17:40:35.938Z [my-bank-api] info: API Started!
2023-12-01T17:40:36.557Z [my-bank-api] info: API Started!
2023-12-01T17:40:52.355Z [my-bank-api] info: API Started!
2023-12-01T17:41:40.713Z [my-bank-api] info: API Started!
2023-12-01T17:42:37.661Z [my-bank-api] info: API Started!
2023-12-01T17:42:56.204Z [my-bank-api] info: API Started!
2023-12-01T17:43:09.799Z [my-bank-api] info: API Started!
2023-12-01T17:43:12.379Z [my-bank-api] info: API Started!
2023-12-01T17:43:15.318Z [my-bank-api] info: API Started!
2023-12-01T17:43:19.611Z [my-bank-api] info: API Started!
2023-12-01T17:43:20.760Z [my-bank-api] info: API Started!
2023-12-01T17:43:54.506Z [my-bank-api] info: API Started!
2023-12-01T17:43:55.675Z [my-bank-api] info: API Started!
2023-12-01T17:44:26.993Z [my-bank-api] info: API Started!
2023-12-01T17:44:28.610Z [my-bank-api] info: API Started!
2023-12-01T17:44:42.905Z [my-bank-api] info: API Started!
2023-12-01T17:44:44.120Z [my-bank-api] info: API Started!
2023-12-01T17:44:45.819Z [my-bank-api] info: API Started!
2023-12-01T17:44:47.819Z [my-bank-api] info: API Started!
2023-12-01T17:44:50.113Z [my-bank-api] info: API Started!
2023-12-01T17:44:52.713Z [my-bank-api] info: API Started!
2023-12-01T17:44:56.320Z [my-bank-api] info: API Started!
2023-12-01T17:47:52.493Z [my-bank-api] info: API Started!
2023-12-01T17:47:55.697Z [my-bank-api] info: API Started!
2023-12-01T17:47:58.022Z [my-bank-api] info: API Started!
2023-12-01T17:47:59.390Z [my-bank-api] info: API Started!
2023-12-01T17:48:02.218Z [my-bank-api] info: API Started!
2023-12-01T17:48:04.958Z [my-bank-api] info: API Started!
2023-12-01T17:48:06.878Z [my-bank-api] info: API Started!
2023-12-01T17:48:14.564Z [my-bank-api] info: API Started!
2023-12-01T17:48:15.774Z [my-bank-api] info: API Started!
2023-12-01T17:48:17.552Z [my-bank-api] info: API Started!
2023-12-01T17:48:20.180Z [my-bank-api] info: API Started!
2023-12-01T17:48:21.935Z [my-bank-api] info: API Started!
2023-12-01T17:48:23.341Z [my-bank-api] info: API Started!
2023-12-01T17:48:25.144Z [my-bank-api] info: API Started!
2023-12-01T17:49:10.229Z [my-bank-api] info: API Started!
2023-12-01T17:49:17.464Z [my-bank-api] info: API Started!
2023-12-01T17:49:39.638Z [my-bank-api] info: API Started!
2023-12-01T17:49:42.213Z [my-bank-api] info: API Started!
2023-12-01T17:50:03.690Z [my-bank-api] info: API Started!
2023-12-01T17:50:56.026Z [my-bank-api] info: API Started!
2023-12-01T17:51:51.404Z [my-bank-api] info: GET /account
2023-12-01T17:51:58.983Z [my-bank-api] info: GET /account/:id
2023-12-01T17:52:10.727Z [my-bank-api] info: POST /account - {"id":9,"name":"João teste","balance":1200}
2023-12-01T17:52:14.453Z [my-bank-api] info: GET /account
2023-12-01T17:52:25.044Z [my-bank-api] info: DELETE /account/:id - 9
2023-12-01T17:52:28.570Z [my-bank-api] info: GET /account
2023-12-01T17:52:39.723Z [my-bank-api] info: PUT /account - {"id":2,"name":"Fernando Costa","balance":5000}
2023-12-01T17:52:48.630Z [my-bank-api] info: PATCH /account/updateBalance - {"id":2,"balance":4000}
2023-12-01T17:52:55.864Z [my-bank-api] info: GET /account
2023-12-01T17:53:28.269Z [my-bank-api] info: API Started!
2023-12-01T17:53:29.567Z [my-bank-api] info: API Started!
2023-12-01T17:53:31.985Z [my-bank-api] info: API Started!
2023-12-01T17:53:37.819Z [my-bank-api] info: PATCH /account/updateBalance - {"id":2,"balance":4000}
2023-12-01T17:53:41.541Z [my-bank-api] info: GET /account
2023-12-01T19:01:50.127Z [my-bank-api] info: API Started!
2023-12-01T19:08:44.409Z [my-bank-api] info: API Started!
2023-12-01T19:08:52.673Z [my-bank-api] info: API Started!
2023-12-01T19:09:13.015Z [my-bank-api] info: API Started!
2023-12-01T19:11:30.822Z [my-bank-api] info: API Started!
2023-12-01T19:12:12.657Z [my-bank-api] info: API Started!
2023-12-01T19:12:15.456Z [my-bank-api] info: API Started!
2023-12-01T19:12:28.793Z [my-bank-api] info: API Started!
2023-12-01T19:12:30.155Z [my-bank-api] info: API Started!
2023-12-01T19:12:31.625Z [my-bank-api] info: API Started!
2023-12-01T19:12:32.768Z [my-bank-api] info: API Started!
2023-12-01T19:12:36.139Z [my-bank-api] info: API Started!
2023-12-01T19:12:39.835Z [my-bank-api] info: API Started!
2023-12-01T19:13:19.688Z [my-bank-api] info: API Started!
2023-12-01T19:13:21.734Z [my-bank-api] info: API Started!
2023-12-01T19:13:23.748Z [my-bank-api] info: API Started!
2023-12-01T19:13:47.840Z [my-bank-api] info: API Started!
2023-12-01T19:13:53.423Z [my-bank-api] info: API Started!
2023-12-01T19:13:56.167Z [my-bank-api] info: API Started!
2023-12-01T19:13:57.549Z [my-bank-api] info: API Started!
2023-12-01T19:14:01.265Z [my-bank-api] info: API Started!
2023-12-01T19:14:04.321Z [my-bank-api] info: API Started!
2023-12-01T19:15:28.590Z [my-bank-api] info: API Started!
2023-12-01T19:31:31.274Z [my-bank-api] info: GET /account
2023-12-01T19:33:50.961Z [my-bank-api] info: API Started!
2023-12-01T19:34:06.195Z [my-bank-api] info: API Started!
2023-12-01T19:34:07.872Z [my-bank-api] info: API Started!
2023-12-01T19:34:10.977Z [my-bank-api] info: API Started!
2023-12-01T19:34:20.858Z [my-bank-api] info: API Started!
2023-12-01T19:34:22.964Z [my-bank-api] info: API Started!
2023-12-01T19:34:24.296Z [my-bank-api] info: API Started!
2023-12-01T19:34:25.635Z [my-bank-api] info: API Started!
2023-12-01T19:34:27.660Z [my-bank-api] info: API Started!
2023-12-01T19:34:32.888Z [my-bank-api] info: API Started!
2023-12-01T19:34:36.226Z [my-bank-api] info: API Started!
2023-12-01T19:34:39.773Z [my-bank-api] info: API Started!
2023-12-01T19:34:41.167Z [my-bank-api] info: API Started!
2023-12-01T19:34:43.313Z [my-bank-api] info: API Started!
2023-12-01T19:34:45.240Z [my-bank-api] info: API Started!
2023-12-01T19:34:47.248Z [my-bank-api] info: API Started!
2023-12-01T19:34:48.638Z [my-bank-api] info: API Started!
2023-12-01T19:34:50.819Z [my-bank-api] info: API Started!
2023-12-01T19:34:52.128Z [my-bank-api] info: API Started!
2023-12-01T19:34:55.607Z [my-bank-api] info: API Started!
2023-12-01T19:35:06.764Z [my-bank-api] info: API Started!
2023-12-01T19:35:11.196Z [my-bank-api] info: API Started!
2023-12-01T19:35:13.194Z [my-bank-api] info: API Started!
2023-12-01T19:35:15.301Z [my-bank-api] info: API Started!
2023-12-01T19:35:17.587Z [my-bank-api] info: API Started!
2023-12-01T19:35:19.385Z [my-bank-api] info: API Started!
2023-12-01T19:35:20.671Z [my-bank-api] info: API Started!
2023-12-01T19:35:22.845Z [my-bank-api] info: API Started!
2023-12-01T19:35:25.814Z [my-bank-api] info: API Started!
2023-12-01T19:35:26.991Z [my-bank-api] info: API Started!
2023-12-01T19:35:29.913Z [my-bank-api] info: API Started!
2023-12-01T19:35:32.743Z [my-bank-api] info: API Started!
2023-12-01T19:35:34.456Z [my-bank-api] info: API Started!
2023-12-01T19:35:36.196Z [my-bank-api] info: API Started!
2023-12-01T19:35:37.220Z [my-bank-api] info: API Started!
2023-12-01T19:37:47.036Z [my-bank-api] info: API Started!
2023-12-01T19:38:32.646Z [my-bank-api] info: API Started!
2023-12-01T19:38:46.287Z [my-bank-api] info: API Started!
2023-12-01T19:52:16.282Z [my-bank-api] info: API Started!
2023-12-01T19:52:18.514Z [my-bank-api] info: API Started!
2023-12-01T19:53:21.401Z [my-bank-api] info: API Started!
2023-12-01T19:53:37.670Z [my-bank-api] info: API Started!
2023-12-01T19:53:49.381Z [my-bank-api] info: API Started!
2023-12-01T19:54:02.374Z [my-bank-api] info: API Started!
2023-12-01T19:57:33.306Z [my-bank-api] info: API Started!
2023-12-01T19:57:35.369Z [my-bank-api] info: API Started!
2023-12-01T19:57:38.370Z [my-bank-api] info: API Started!
2023-12-01T19:57:40.018Z [my-bank-api] info: API Started!
2023-12-01T19:57:51.438Z [my-bank-api] info: API Started!
2023-12-01T19:57:53.596Z [my-bank-api] info: API Started!
2023-12-01T19:57:55.882Z [my-bank-api] info: API Started!
2023-12-01T19:57:59.822Z [my-bank-api] info: API Started!
2023-12-01T19:58:01.869Z [my-bank-api] info: API Started!
2023-12-01T19:58:17.663Z [my-bank-api] info: API Started!
2023-12-01T20:00:41.433Z [my-bank-api] info: API Started!
2023-12-01T20:01:07.917Z [my-bank-api] info: API Started!
2023-12-01T20:01:26.058Z [my-bank-api] info: API Started!
2023-12-01T20:01:29.037Z [my-bank-api] info: API Started!
2023-12-01T20:01:34.127Z [my-bank-api] info: API Started!
2023-12-01T20:01:39.484Z [my-bank-api] info: API Started!
2023-12-01T20:01:42.666Z [my-bank-api] info: API Started!
2023-12-01T20:01:43.710Z [my-bank-api] info: API Started!
2023-12-01T20:01:46.806Z [my-bank-api] info: API Started!
2023-12-01T20:01:48.550Z [my-bank-api] info: API Started!
2023-12-01T20:01:52.143Z [my-bank-api] info: API Started!
2023-12-01T20:02:00.364Z [my-bank-api] info: API Started!
2023-12-01T20:02:03.697Z [my-bank-api] info: API Started!
2023-12-01T20:02:05.234Z [my-bank-api] info: API Started!
2023-12-01T20:02:07.359Z [my-bank-api] info: API Started!
2023-12-01T20:02:09.403Z [my-bank-api] info: API Started!
2023-12-01T20:02:17.030Z [my-bank-api] info: API Started!
2023-12-01T20:02:18.205Z [my-bank-api] info: API Started!
2023-12-01T20:02:24.598Z [my-bank-api] info: API Started!
2023-12-01T20:02:27.329Z [my-bank-api] info: API Started!
2023-12-01T20:36:12.349Z [my-bank-api] info: API Started!
2023-12-01T20:36:17.378Z [my-bank-api] info: API Started!
2023-12-01T20:36:19.811Z [my-bank-api] info: API Started!
2023-12-01T20:36:22.601Z [my-bank-api] info: API Started!
2023-12-01T20:36:28.090Z [my-bank-api] info: API Started!
2023-12-01T20:36:30.672Z [my-bank-api] info: API Started!
2023-12-01T20:36:34.527Z [my-bank-api] info: API Started!
2023-12-01T20:36:35.525Z [my-bank-api] info: API Started!
2023-12-01T20:36:38.141Z [my-bank-api] info: API Started!
2023-12-01T20:36:39.592Z [my-bank-api] info: API Started!
2023-12-01T20:36:41.940Z [my-bank-api] info: API Started!
2023-12-01T20:36:51.048Z [my-bank-api] info: API Started!
2023-12-01T20:36:53.375Z [my-bank-api] info: API Started!
2023-12-01T20:36:55.401Z [my-bank-api] info: API Started!
2023-12-01T20:36:57.883Z [my-bank-api] info: API Started!
2023-12-01T20:36:59.562Z [my-bank-api] info: API Started!
2023-12-01T20:37:02.714Z [my-bank-api] info: API Started!
2023-12-01T20:37:05.167Z [my-bank-api] info: API Started!
2023-12-01T20:37:08.468Z [my-bank-api] info: API Started!
2023-12-01T20:37:10.325Z [my-bank-api] info: API Started!
2023-12-01T20:37:26.514Z [my-bank-api] info: API Started!
2023-12-01T20:37:30.522Z [my-bank-api] info: API Started!
2023-12-01T20:37:32.742Z [my-bank-api] info: API Started!
2023-12-01T20:37:43.783Z [my-bank-api] info: API Started!
2023-12-01T20:37:46.679Z [my-bank-api] info: API Started!
2023-12-01T20:37:51.009Z [my-bank-api] info: API Started!
2023-12-01T20:37:55.403Z [my-bank-api] info: API Started!
2023-12-01T20:37:58.214Z [my-bank-api] info: API Started!
2023-12-01T20:37:59.749Z [my-bank-api] info: API Started!
2023-12-01T20:38:01.172Z [my-bank-api] info: API Started!
2023-12-01T20:38:08.088Z [my-bank-api] info: API Started!
2023-12-01T20:38:09.111Z [my-bank-api] info: API Started!
2023-12-01T20:38:11.609Z [my-bank-api] info: API Started!
2023-12-01T20:38:12.048Z [my-bank-api] info: API Started!
2023-12-01T20:38:24.230Z [my-bank-api] info: API Started!
2023-12-01T20:38:27.140Z [my-bank-api] info: API Started!
2023-12-01T20:38:28.678Z [my-bank-api] info: API Started!
2023-12-01T20:38:29.837Z [my-bank-api] info: API Started!
2023-12-01T20:38:32.129Z [my-bank-api] info: API Started!
2023-12-01T20:38:34.319Z [my-bank-api] info: API Started!
2023-12-01T20:38:35.827Z [my-bank-api] info: API Started!
2023-12-01T20:38:46.524Z [my-bank-api] info: API Started!
2023-12-01T20:38:47.918Z [my-bank-api] info: API Started!
2023-12-01T20:38:52.515Z [my-bank-api] info: API Started!
2023-12-01T20:38:56.222Z [my-bank-api] info: API Started!
2023-12-01T20:39:00.153Z [my-bank-api] info: API Started!
2023-12-01T20:39:01.817Z [my-bank-api] info: API Started!
2023-12-01T20:39:07.155Z [my-bank-api] info: API Started!
2023-12-01T20:39:09.017Z [my-bank-api] info: API Started!
2023-12-01T20:39:46.649Z [my-bank-api] info: API Started!
2023-12-01T20:39:49.443Z [my-bank-api] info: API Started!
2023-12-01T20:39:51.980Z [my-bank-api] info: API Started!
2023-12-01T20:39:55.363Z [my-bank-api] info: API Started!
2023-12-01T20:39:57.270Z [my-bank-api] info: API Started!
2023-12-01T20:40:00.624Z [my-bank-api] info: API Started!
2023-12-01T20:40:03.021Z [my-bank-api] info: API Started!
2023-12-01T20:40:04.471Z [my-bank-api] info: API Started!
2023-12-01T20:40:06.220Z [my-bank-api] info: API Started!
2023-12-01T20:40:09.422Z [my-bank-api] info: API Started!
2023-12-01T20:40:19.551Z [my-bank-api] info: API Started!
2023-12-01T20:40:30.327Z [my-bank-api] info: API Started!
2023-12-01T20:40:36.281Z [my-bank-api] info: API Started!
2023-12-01T20:40:38.410Z [my-bank-api] info: API Started!
2023-12-01T20:41:12.981Z [my-bank-api] info: API Started!
2023-12-01T20:41:14.805Z [my-bank-api] info: API Started!
2023-12-01T20:41:16.859Z [my-bank-api] info: API Started!
2023-12-01T20:41:18.434Z [my-bank-api] info: API Started!
2023-12-01T20:41:22.029Z [my-bank-api] info: API Started!
2023-12-01T20:41:23.297Z [my-bank-api] info: API Started!
2023-12-01T20:41:25.382Z [my-bank-api] info: API Started!
2023-12-01T20:41:28.523Z [my-bank-api] info: API Started!
2023-12-01T20:41:31.604Z [my-bank-api] info: API Started!
2023-12-01T20:41:34.980Z [my-bank-api] info: API Started!
2023-12-01T20:41:36.142Z [my-bank-api] info: API Started!
2023-12-01T20:41:37.278Z [my-bank-api] info: API Started!
2023-12-01T20:41:37.722Z [my-bank-api] info: API Started!
2023-12-01T20:41:48.801Z [my-bank-api] info: API Started!
2023-12-01T20:41:51.077Z [my-bank-api] info: API Started!
2023-12-01T20:41:54.316Z [my-bank-api] info: API Started!
2023-12-01T20:41:56.472Z [my-bank-api] info: API Started!
2023-12-01T20:41:59.149Z [my-bank-api] info: API Started!
2023-12-01T20:42:00.637Z [my-bank-api] info: API Started!
2023-12-01T20:42:06.329Z [my-bank-api] info: API Started!
2023-12-01T20:42:14.512Z [my-bank-api] info: API Started!
2023-12-01T20:42:16.748Z [my-bank-api] info: API Started!
2023-12-01T20:42:20.882Z [my-bank-api] info: API Started!
2023-12-01T20:42:23.457Z [my-bank-api] info: API Started!
2023-12-01T20:42:29.187Z [my-bank-api] info: API Started!
2023-12-01T20:42:31.917Z [my-bank-api] info: API Started!
2023-12-01T20:42:44.595Z [my-bank-api] info: API Started!
2023-12-01T20:42:46.049Z [my-bank-api] info: API Started!
2023-12-01T20:42:49.642Z [my-bank-api] info: API Started!
2023-12-01T20:42:51.355Z [my-bank-api] info: API Started!
2023-12-01T20:42:55.070Z [my-bank-api] info: API Started!
2023-12-01T20:43:00.077Z [my-bank-api] info: API Started!
2023-12-01T20:43:08.778Z [my-bank-api] info: API Started!
2023-12-01T20:43:10.342Z [my-bank-api] info: API Started!
2023-12-01T20:43:12.340Z [my-bank-api] info: API Started!
2023-12-01T20:43:15.017Z [my-bank-api] info: API Started!
2023-12-01T20:43:16.921Z [my-bank-api] info: API Started!
2023-12-01T20:43:18.524Z [my-bank-api] info: API Started!
2023-12-01T20:43:21.279Z [my-bank-api] info: API Started!
2023-12-01T20:43:23.884Z [my-bank-api] info: API Started!
2023-12-01T20:43:26.610Z [my-bank-api] info: API Started!
2023-12-01T20:43:29.857Z [my-bank-api] info: API Started!
2023-12-01T20:43:34.032Z [my-bank-api] info: API Started!
2023-12-01T20:51:08.594Z [my-bank-api] info: API Started!
2023-12-01T20:51:15.545Z [my-bank-api] info: API Started!
2023-12-01T20:53:01.337Z [my-bank-api] info: API Started!
2023-12-01T20:54:16.088Z [my-bank-api] info: API Started!
2023-12-01T20:55:10.775Z [my-bank-api] info: API Started!
2023-12-01T20:55:47.244Z [my-bank-api] info: API Started!
2023-12-01T20:55:47.812Z [my-bank-api] info: API Started!
2023-12-01T20:55:51.622Z [my-bank-api] info: API Started!
2023-12-01T21:06:03.773Z [my-bank-api] info: API Started!
2023-12-01T21:06:04.607Z [my-bank-api] info: API Started!
2023-12-01T21:07:20.616Z [my-bank-api] info: API Started!
2023-12-01T21:09:06.446Z [my-bank-api] info: API Started!
2023-12-01T21:09:13.496Z [my-bank-api] info: API Started!
2023-12-01T21:09:15.518Z [my-bank-api] info: API Started!
2023-12-01T21:09:18.582Z [my-bank-api] info: API Started!
2023-12-01T21:09:23.365Z [my-bank-api] info: API Started!
2023-12-01T21:10:33.579Z [my-bank-api] info: API Started!
2023-12-01T21:10:41.144Z [my-bank-api] info: API Started!
2023-12-01T21:10:59.362Z [my-bank-api] info: API Started!
2023-12-01T21:11:25.523Z [my-bank-api] info: API Started!
2023-12-01T21:11:27.284Z [my-bank-api] info: API Started!
2023-12-01T21:11:32.114Z [my-bank-api] info: API Started!
2023-12-01T21:11:33.176Z [my-bank-api] info: API Started!
2023-12-01T21:11:36.256Z [my-bank-api] info: API Started!
2023-12-01T21:11:37.986Z [my-bank-api] info: API Started!
2023-12-01T21:11:42.290Z [my-bank-api] info: API Started!
2023-12-01T21:11:56.308Z [my-bank-api] info: API Started!
2023-12-01T21:11:57.913Z [my-bank-api] info: API Started!
2023-12-01T21:12:03.142Z [my-bank-api] info: API Started!
2023-12-01T21:12:03.876Z [my-bank-api] info: API Started!
2023-12-07T19:46:36.863Z [my-bank-api] info: API Started!
2023-12-07T19:52:23.723Z [my-bank-api] info: API Started!
2023-12-07T19:53:05.789Z [my-bank-api] info: API Started!
2023-12-07T19:53:08.233Z [my-bank-api] info: GET /account
2023-12-07T19:53:15.339Z [my-bank-api] info: GET /account
2023-12-07T19:53:28.530Z [my-bank-api] info: API Started!
2023-12-07T19:54:09.871Z [my-bank-api] info: GET /account
2023-12-07T19:54:25.684Z [my-bank-api] info: GET /account
2023-12-07T19:55:01.280Z [my-bank-api] info: GET /account/:id
2023-12-07T19:55:16.446Z [my-bank-api] info: GET /account/:id
2023-12-07T19:56:54.361Z [my-bank-api] info: API Started!
2023-12-07T19:56:57.581Z [my-bank-api] info: API Started!
2023-12-07T19:57:24.478Z [my-bank-api] info: API Started!
2023-12-07T19:57:29.630Z [my-bank-api] info: API Started!
2023-12-07T19:57:44.787Z [my-bank-api] info: API Started!
2023-12-07T19:58:08.627Z [my-bank-api] info: API Started!
2023-12-07T19:58:09.915Z [my-bank-api] info: API Started!
2023-12-07T19:58:44.000Z [my-bank-api] info: API Started!
2023-12-07T19:58:49.687Z [my-bank-api] info: API Started!
2023-12-07T19:58:52.173Z [my-bank-api] info: API Started!
2023-12-07T19:59:17.994Z [my-bank-api] info: API Started!
2023-12-07T19:59:19.959Z [my-bank-api] info: API Started!
2023-12-07T19:59:23.204Z [my-bank-api] info: API Started!
2023-12-07T19:59:24.476Z [my-bank-api] info: API Started!
2023-12-07T19:59:26.851Z [my-bank-api] info: API Started!
2023-12-07T19:59:28.499Z [my-bank-api] info: API Started!
2023-12-07T19:59:32.521Z [my-bank-api] info: API Started!
2023-12-07T19:59:39.531Z [my-bank-api] info: API Started!
2023-12-07T19:59:41.280Z [my-bank-api] info: API Started!
2023-12-07T19:59:42.493Z [my-bank-api] info: API Started!
2023-12-07T19:59:45.463Z [my-bank-api] info: API Started!
2023-12-07T19:59:50.329Z [my-bank-api] info: API Started!
2023-12-07T19:59:52.938Z [my-bank-api] info: API Started!
2023-12-07T19:59:56.232Z [my-bank-api] info: API Started!
2023-12-07T20:00:51.208Z [my-bank-api] info: API Started!
2023-12-07T20:00:58.427Z [my-bank-api] info: GET /account
2023-12-07T20:06:00.394Z [my-bank-api] info: API Started!
2023-12-07T20:06:37.776Z [my-bank-api] info: API Started!
2023-12-07T20:08:51.657Z [my-bank-api] info: API Started!
2023-12-07T20:08:57.166Z [my-bank-api] info: API Started!
2023-12-07T20:09:06.106Z [my-bank-api] info: API Started!
2023-12-07T20:09:27.002Z [my-bank-api] info: API Started!
2023-12-07T20:09:56.658Z [my-bank-api] info: API Started!
2023-12-07T20:10:00.469Z [my-bank-api] info: API Started!
2023-12-07T20:10:02.478Z [my-bank-api] info: API Started!
2023-12-07T20:10:04.308Z [my-bank-api] info: API Started!
2023-12-07T20:10:07.022Z [my-bank-api] info: API Started!
2023-12-07T20:10:12.685Z [my-bank-api] info: API Started!
2023-12-07T20:10:14.627Z [my-bank-api] info: API Started!
2023-12-07T20:10:28.801Z [my-bank-api] info: API Started!
2023-12-07T20:10:44.115Z [my-bank-api] info: API Started!
2023-12-07T20:10:46.705Z [my-bank-api] info: API Started!
2023-12-07T20:10:47.705Z [my-bank-api] info: API Started!
2023-12-07T20:10:55.325Z [my-bank-api] info: API Started!
2023-12-07T20:11:01.385Z [my-bank-api] info: API Started!
2023-12-07T20:11:03.395Z [my-bank-api] info: API Started!
2023-12-07T20:11:04.922Z [my-bank-api] info: API Started!
2023-12-07T20:11:08.976Z [my-bank-api] info: API Started!
2023-12-07T20:11:10.918Z [my-bank-api] info: API Started!
2023-12-07T20:11:16.258Z [my-bank-api] info: API Started!
2023-12-07T20:11:21.621Z [my-bank-api] info: API Started!
2023-12-07T20:11:25.037Z [my-bank-api] info: API Started!
2023-12-07T20:11:29.225Z [my-bank-api] info: API Started!
2023-12-07T20:11:43.829Z [my-bank-api] info: API Started!
2023-12-07T20:11:48.618Z [my-bank-api] info: API Started!
2023-12-07T20:11:51.937Z [my-bank-api] info: API Started!
2023-12-07T20:11:54.758Z [my-bank-api] info: API Started!
2023-12-07T20:11:56.450Z [my-bank-api] info: API Started!
2023-12-07T20:12:00.318Z [my-bank-api] info: API Started!
2023-12-07T20:12:01.997Z [my-bank-api] info: API Started!
2023-12-07T20:13:09.477Z [my-bank-api] info: API Started!
2023-12-07T20:13:16.150Z [my-bank-api] info: API Started!
2023-12-07T20:13:20.180Z [my-bank-api] info: API Started!
2023-12-07T20:13:22.432Z [my-bank-api] info: API Started!
2023-12-07T20:13:29.332Z [my-bank-api] info: API Started!
2023-12-07T20:13:33.826Z [my-bank-api] info: API Started!
2023-12-07T20:13:36.032Z [my-bank-api] info: API Started!
2023-12-07T20:13:36.468Z [my-bank-api] info: API Started!
2023-12-07T20:14:02.872Z [my-bank-api] info: GET /account
2023-12-07T20:14:21.295Z [my-bank-api] info: GET /account
